{"client_name": "rainstorm_source_0", "action": "append", "filename": "dest", "content": "{\"Deutsche\": 1}", "sequence_number": 1}
{"client_name": "rainstorm_source_0", "action": "append", "filename": "dest", "content": "{\"Deutsche\": 1}", "sequence_number": 2}
{"client_name": "rainstorm_source_0", "action": "append", "filename": "dest", "content": "{\"Boerse\": 1}", "sequence_number": 3}
{"client_name": "rainstorm_source_0", "action": "append", "filename": "dest", "content": "{\"Boerse\": 1}", "sequence_number": 4}
{"client_name": "rainstorm_source_0", "action": "append", "filename": "dest", "content": "{\"boosts\": 1}", "sequence_number": 5}
{"client_name": "rainstorm_source_0", "action": "append", "filename": "dest", "content": "{\"boosts\": 1}", "sequence_number": 6}
{"client_name": "rainstorm_source_0", "action": "append", "filename": "dest", "content": "{\"dividend\": 1}", "sequence_number": 7}
{"client_name": "rainstorm_source_0", "action": "append", "filename": "dest", "content": "{\"dividend\": 1}", "sequence_number": 8}
{"client_name": "rainstorm_source_0", "action": "append", "filename": "dest", "content": "{\"Deutsche\": 1}", "sequence_number": 9}
{"client_name": "rainstorm_source_0", "action": "append", "filename": "dest", "content": "{\"Deutsche\": 1}", "sequence_number": 10}
{"client_name": "rainstorm_source_0", "action": "append", "filename": "dest", "content": "{\"Boerse,\": 1}", "sequence_number": 11}
{"client_name": "rainstorm_source_0", "action": "append", "filename": "dest", "content": "{\"Boerse,\": 1}", "sequence_number": 12}
{"client_name": "rainstorm_source_0", "action": "append", "filename": "dest", "content": "{\"the\": 1}", "sequence_number": 13}
{"client_name": "rainstorm_source_0", "action": "append", "filename": "dest", "content": "{\"the\": 1}", "sequence_number": 14}
{"client_name": "rainstorm_source_0", "action": "append", "filename": "dest", "content": "{\"German\": 1}", "sequence_number": 15}
{"client_name": "rainstorm_source_0", "action": "append", "filename": "dest", "content": "{\"German\": 1}", "sequence_number": 16}
{"client_name": "rainstorm_source_0", "action": "append", "filename": "dest", "content": "{\"stock\": 1}", "sequence_number": 17}
{"client_name": "rainstorm_source_0", "action": "append", "filename": "dest", "content": "{\"stock\": 1}", "sequence_number": 18}
{"client_name": "rainstorm_source_0", "action": "append", "filename": "dest", "content": "{\"exchange\": 1}", "sequence_number": 19}
{"client_name": "rainstorm_source_0", "action": "append", "filename": "dest", "content": "{\"exchange\": 1}", "sequence_number": 20}
{"client_name": "rainstorm_source_0", "action": "append", "filename": "dest", "content": "{\"that\": 1}", "sequence_number": 21}
{"client_name": "rainstorm_source_0", "action": "append", "filename": "dest", "content": "{\"that\": 1}", "sequence_number": 22}
{"client_name": "rainstorm_source_0", "action": "append", "filename": "dest", "content": "{\"is\": 1}", "sequence_number": 23}
{"client_name": "rainstorm_source_0", "action": "append", "filename": "dest", "content": "{\"is\": 1}", "sequence_number": 24}
{"client_name": "rainstorm_source_0", "action": "append", "filename": "dest", "content": "{\"trying\": 1}", "sequence_number": 25}
{"client_name": "rainstorm_source_0", "action": "append", "filename": "dest", "content": "{\"trying\": 1}", "sequence_number": 26}
{"client_name": "rainstorm_source_0", "action": "append", "filename": "dest", "content": "{\"to\": 1}", "sequence_number": 27}
{"client_name": "rainstorm_source_0", "action": "append", "filename": "dest", "content": "{\"to\": 1}", "sequence_number": 28}
{"client_name": "rainstorm_source_0", "action": "append", "filename": "dest", "content": "{\"buy\": 1}", "sequence_number": 29}
{"client_name": "rainstorm_source_0", "action": "append", "filename": "dest", "content": "{\"buy\": 1}", "sequence_number": 30}
{"client_name": "rainstorm_source_0", "action": "append", "filename": "dest", "content": "{\"its\": 1}", "sequence_number": 31}
{"client_name": "rainstorm_source_0", "action": "append", "filename": "dest", "content": "{\"its\": 1}", "sequence_number": 32}
{"client_name": "rainstorm_source_0", "action": "append", "filename": "dest", "content": "{\"London\": 1}", "sequence_number": 33}
{"client_name": "rainstorm_source_0", "action": "append", "filename": "dest", "content": "{\"London\": 1}", "sequence_number": 34}
{"client_name": "rainstorm_source_0", "action": "append", "filename": "dest", "content": "{\"rival,\": 1}", "sequence_number": 35}
{"client_name": "rainstorm_source_0", "action": "append", "filename": "dest", "content": "{\"rival,\": 1}", "sequence_number": 36}
{"client_name": "rainstorm_source_0", "action": "append", "filename": "dest", "content": "{\"has\": 1}", "sequence_number": 37}
{"client_name": "rainstorm_source_0", "action": "append", "filename": "dest", "content": "{\"has\": 1}", "sequence_number": 38}
{"client_name": "rainstorm_source_0", "action": "append", "filename": "dest", "content": "{\"said\": 1}", "sequence_number": 39}
{"client_name": "rainstorm_source_0", "action": "append", "filename": "dest", "content": "{\"said\": 1}", "sequence_number": 40}
{"client_name": "rainstorm_source_0", "action": "append", "filename": "dest", "content": "{\"it\": 1}", "sequence_number": 41}
{"client_name": "rainstorm_source_0", "action": "append", "filename": "dest", "content": "{\"it\": 1}", "sequence_number": 42}
{"client_name": "rainstorm_source_0", "action": "append", "filename": "dest", "content": "{\"will\": 1}", "sequence_number": 43}
{"client_name": "rainstorm_source_0", "action": "append", "filename": "dest", "content": "{\"will\": 1}", "sequence_number": 44}
{"client_name": "rainstorm_source_0", "action": "append", "filename": "dest", "content": "{\"boost\": 1}", "sequence_number": 45}
{"client_name": "rainstorm_source_0", "action": "append", "filename": "dest", "content": "{\"boost\": 1}", "sequence_number": 46}
{"client_name": "rainstorm_source_0", "action": "append", "filename": "dest", "content": "{\"its\": 1}", "sequence_number": 47}
{"client_name": "rainstorm_source_0", "action": "append", "filename": "dest", "content": "{\"its\": 1}", "sequence_number": 48}
{"client_name": "rainstorm_source_0", "action": "append", "filename": "dest", "content": "{\"2004\": 1}", "sequence_number": 49}
{"client_name": "rainstorm_source_0", "action": "append", "filename": "dest", "content": "{\"2004\": 1}", "sequence_number": 50}
{"client_name": "rainstorm_source_0", "action": "append", "filename": "dest", "content": "{\"dividend\": 1}", "sequence_number": 51}
{"client_name": "rainstorm_source_0", "action": "append", "filename": "dest", "content": "{\"dividend\": 1}", "sequence_number": 52}
{"client_name": "rainstorm_source_0", "action": "append", "filename": "dest", "content": "{\"payment\": 1}", "sequence_number": 53}
{"client_name": "rainstorm_source_0", "action": "append", "filename": "dest", "content": "{\"payment\": 1}", "sequence_number": 54}
{"client_name": "rainstorm_source_0", "action": "append", "filename": "dest", "content": "{\"by\": 1}", "sequence_number": 55}
{"client_name": "rainstorm_source_0", "action": "append", "filename": "dest", "content": "{\"by\": 1}", "sequence_number": 56}
{"client_name": "rainstorm_source_0", "action": "append", "filename": "dest", "content": "{\"27%.\": 1}", "sequence_number": 57}
{"client_name": "rainstorm_source_0", "action": "append", "filename": "dest", "content": "{\"27%.\": 1}", "sequence_number": 58}
{"client_name": "rainstorm_source_0", "action": "append", "filename": "dest", "content": "{\"Analysts\": 1}", "sequence_number": 59}
{"client_name": "rainstorm_source_0", "action": "append", "filename": "dest", "content": "{\"Analysts\": 1}", "sequence_number": 60}
{"client_name": "rainstorm_source_0", "action": "append", "filename": "dest", "content": "{\"said\": 1}", "sequence_number": 61}
{"client_name": "rainstorm_source_0", "action": "append", "filename": "dest", "content": "{\"said\": 1}", "sequence_number": 62}
{"client_name": "rainstorm_source_0", "action": "append", "filename": "dest", "content": "{\"that\": 1}", "sequence_number": 63}
{"client_name": "rainstorm_source_0", "action": "append", "filename": "dest", "content": "{\"that\": 1}", "sequence_number": 64}
{"client_name": "rainstorm_source_0", "action": "append", "filename": "dest", "content": "{\"the\": 1}", "sequence_number": 65}
{"client_name": "rainstorm_source_0", "action": "append", "filename": "dest", "content": "{\"the\": 1}", "sequence_number": 66}
{"client_name": "rainstorm_source_0", "action": "append", "filename": "dest", "content": "{\"move\": 1}", "sequence_number": 67}
{"client_name": "rainstorm_source_0", "action": "append", "filename": "dest", "content": "{\"move\": 1}", "sequence_number": 68}
{"client_name": "rainstorm_source_0", "action": "append", "filename": "dest", "content": "{\"is\": 1}", "sequence_number": 69}
{"client_name": "rainstorm_source_0", "action": "append", "filename": "dest", "content": "{\"is\": 1}", "sequence_number": 70}
{"client_name": "rainstorm_source_0", "action": "append", "filename": "dest", "content": "{\"aimed\": 1}", "sequence_number": 71}
{"client_name": "rainstorm_source_0", "action": "append", "filename": "dest", "content": "{\"aimed\": 1}", "sequence_number": 72}
{"client_name": "rainstorm_source_0", "action": "append", "filename": "dest", "content": "{\"at\": 1}", "sequence_number": 73}
{"client_name": "rainstorm_source_0", "action": "append", "filename": "dest", "content": "{\"at\": 1}", "sequence_number": 74}
{"client_name": "rainstorm_source_0", "action": "append", "filename": "dest", "content": "{\"winning\": 1}", "sequence_number": 75}
{"client_name": "rainstorm_source_0", "action": "append", "filename": "dest", "content": "{\"winning\": 1}", "sequence_number": 76}
{"client_name": "rainstorm_source_0", "action": "append", "filename": "dest", "content": "{\"over\": 1}", "sequence_number": 77}
{"client_name": "rainstorm_source_0", "action": "append", "filename": "dest", "content": "{\"over\": 1}", "sequence_number": 78}
{"client_name": "rainstorm_source_0", "action": "append", "filename": "dest", "content": "{\"investors\": 1}", "sequence_number": 79}
{"client_name": "rainstorm_source_0", "action": "append", "filename": "dest", "content": "{\"investors\": 1}", "sequence_number": 80}
{"client_name": "rainstorm_source_0", "action": "append", "filename": "dest", "content": "{\"opposed\": 1}", "sequence_number": 81}
{"client_name": "rainstorm_source_0", "action": "append", "filename": "dest", "content": "{\"opposed\": 1}", "sequence_number": 82}
{"client_name": "rainstorm_source_0", "action": "append", "filename": "dest", "content": "{\"to\": 1}", "sequence_number": 83}
{"client_name": "rainstorm_source_0", "action": "append", "filename": "dest", "content": "{\"to\": 1}", "sequence_number": 84}
{"client_name": "rainstorm_source_0", "action": "append", "filename": "dest", "content": "{\"its\": 1}", "sequence_number": 85}
{"client_name": "rainstorm_source_0", "action": "append", "filename": "dest", "content": "{\"its\": 1}", "sequence_number": 86}
{"client_name": "rainstorm_source_0", "action": "append", "filename": "dest", "content": "{\"bid\": 1}", "sequence_number": 87}
{"client_name": "rainstorm_source_0", "action": "append", "filename": "dest", "content": "{\"bid\": 1}", "sequence_number": 88}
{"client_name": "rainstorm_source_0", "action": "append", "filename": "dest", "content": "{\"for\": 1}", "sequence_number": 89}
{"client_name": "rainstorm_source_0", "action": "append", "filename": "dest", "content": "{\"for\": 1}", "sequence_number": 90}
{"client_name": "rainstorm_source_0", "action": "append", "filename": "dest", "content": "{\"the\": 1}", "sequence_number": 91}
{"client_name": "rainstorm_source_0", "action": "append", "filename": "dest", "content": "{\"the\": 1}", "sequence_number": 92}
{"client_name": "rainstorm_source_0", "action": "append", "filename": "dest", "content": "{\"London\": 1}", "sequence_number": 93}
{"client_name": "rainstorm_source_0", "action": "append", "filename": "dest", "content": "{\"London\": 1}", "sequence_number": 94}
{"client_name": "rainstorm_source_0", "action": "append", "filename": "dest", "content": "{\"Stock\": 1}", "sequence_number": 95}
{"client_name": "rainstorm_source_0", "action": "append", "filename": "dest", "content": "{\"Stock\": 1}", "sequence_number": 96}
{"client_name": "rainstorm_source_0", "action": "append", "filename": "dest", "content": "{\"Exchange.\": 1}", "sequence_number": 97}
{"client_name": "rainstorm_source_0", "action": "append", "filename": "dest", "content": "{\"Exchange.\": 1}", "sequence_number": 98}
{"client_name": "rainstorm_source_0", "action": "append", "filename": "dest", "content": "{\"Critics\": 1}", "sequence_number": 99}
{"client_name": "rainstorm_source_0", "action": "append", "filename": "dest", "content": "{\"Critics\": 1}", "sequence_number": 100}
{"client_name": "rainstorm_source_0", "action": "append", "filename": "dest", "content": "{\"of\": 1}", "sequence_number": 101}
{"client_name": "rainstorm_source_0", "action": "append", "filename": "dest", "content": "{\"of\": 1}", "sequence_number": 102}
{"client_name": "rainstorm_source_0", "action": "append", "filename": "dest", "content": "{\"the\": 1}", "sequence_number": 103}
{"client_name": "rainstorm_source_0", "action": "append", "filename": "dest", "content": "{\"the\": 1}", "sequence_number": 104}
{"client_name": "rainstorm_source_0", "action": "append", "filename": "dest", "content": "{\"takeover\": 1}", "sequence_number": 105}
{"client_name": "rainstorm_source_0", "action": "append", "filename": "dest", "content": "{\"takeover\": 1}", "sequence_number": 106}
{"client_name": "rainstorm_source_0", "action": "append", "filename": "dest", "content": "{\"have\": 1}", "sequence_number": 107}
{"client_name": "rainstorm_source_0", "action": "append", "filename": "dest", "content": "{\"have\": 1}", "sequence_number": 108}
{"client_name": "rainstorm_source_0", "action": "append", "filename": "dest", "content": "{\"complained\": 1}", "sequence_number": 109}
{"client_name": "rainstorm_source_0", "action": "append", "filename": "dest", "content": "{\"complained\": 1}", "sequence_number": 110}
{"client_name": "rainstorm_source_0", "action": "append", "filename": "dest", "content": "{\"that\": 1}", "sequence_number": 111}
{"client_name": "rainstorm_source_0", "action": "append", "filename": "dest", "content": "{\"that\": 1}", "sequence_number": 112}
{"client_name": "rainstorm_source_0", "action": "append", "filename": "dest", "content": "{\"the\": 1}", "sequence_number": 113}
{"client_name": "rainstorm_source_0", "action": "append", "filename": "dest", "content": "{\"the\": 1}", "sequence_number": 114}
{"client_name": "rainstorm_source_0", "action": "append", "filename": "dest", "content": "{\"money\": 1}", "sequence_number": 115}
{"client_name": "rainstorm_source_0", "action": "append", "filename": "dest", "content": "{\"money\": 1}", "sequence_number": 116}
{"client_name": "rainstorm_source_0", "action": "append", "filename": "dest", "content": "{\"could\": 1}", "sequence_number": 117}
{"client_name": "rainstorm_source_0", "action": "append", "filename": "dest", "content": "{\"could\": 1}", "sequence_number": 118}
{"client_name": "rainstorm_source_0", "action": "append", "filename": "dest", "content": "{\"be\": 1}", "sequence_number": 119}
{"client_name": "rainstorm_source_0", "action": "append", "filename": "dest", "content": "{\"be\": 1}", "sequence_number": 120}
{"client_name": "rainstorm_source_0", "action": "append", "filename": "dest", "content": "{\"better\": 1}", "sequence_number": 121}
{"client_name": "rainstorm_source_0", "action": "append", "filename": "dest", "content": "{\"better\": 1}", "sequence_number": 122}
{"client_name": "rainstorm_source_0", "action": "append", "filename": "dest", "content": "{\"used\": 1}", "sequence_number": 123}
{"client_name": "rainstorm_source_0", "action": "append", "filename": "dest", "content": "{\"used\": 1}", "sequence_number": 124}
{"client_name": "rainstorm_source_0", "action": "append", "filename": "dest", "content": "{\"by\": 1}", "sequence_number": 125}
{"client_name": "rainstorm_source_0", "action": "append", "filename": "dest", "content": "{\"by\": 1}", "sequence_number": 126}
{"client_name": "rainstorm_source_0", "action": "append", "filename": "dest", "content": "{\"returning\": 1}", "sequence_number": 127}
{"client_name": "rainstorm_source_0", "action": "append", "filename": "dest", "content": "{\"returning\": 1}", "sequence_number": 128}
{"client_name": "rainstorm_source_0", "action": "append", "filename": "dest", "content": "{\"cash\": 1}", "sequence_number": 129}
{"client_name": "rainstorm_source_0", "action": "append", "filename": "dest", "content": "{\"cash\": 1}", "sequence_number": 130}
{"client_name": "rainstorm_source_0", "action": "append", "filename": "dest", "content": "{\"to\": 1}", "sequence_number": 131}
{"client_name": "rainstorm_source_0", "action": "append", "filename": "dest", "content": "{\"to\": 1}", "sequence_number": 132}
{"client_name": "rainstorm_source_0", "action": "append", "filename": "dest", "content": "{\"shareholders.\": 1}", "sequence_number": 133}
{"client_name": "rainstorm_source_0", "action": "append", "filename": "dest", "content": "{\"shareholders.\": 1}", "sequence_number": 134}
{"client_name": "rainstorm_source_0", "action": "append", "filename": "dest", "content": "{\"Deutsche\": 1}", "sequence_number": 135}
{"client_name": "rainstorm_source_0", "action": "append", "filename": "dest", "content": "{\"Deutsche\": 1}", "sequence_number": 136}
{"client_name": "rainstorm_source_0", "action": "append", "filename": "dest", "content": "{\"Boerse\": 1}", "sequence_number": 137}
{"client_name": "rainstorm_source_0", "action": "append", "filename": "dest", "content": "{\"Boerse\": 1}", "sequence_number": 138}
{"client_name": "rainstorm_source_0", "action": "append", "filename": "dest", "content": "{\"also\": 1}", "sequence_number": 139}
{"client_name": "rainstorm_source_0", "action": "append", "filename": "dest", "content": "{\"also\": 1}", "sequence_number": 140}
{"client_name": "rainstorm_source_0", "action": "append", "filename": "dest", "content": "{\"said\": 1}", "sequence_number": 141}
{"client_name": "rainstorm_source_0", "action": "append", "filename": "dest", "content": "{\"said\": 1}", "sequence_number": 142}
{"client_name": "rainstorm_source_0", "action": "append", "filename": "dest", "content": "{\"profit\": 1}", "sequence_number": 143}
{"client_name": "rainstorm_source_0", "action": "append", "filename": "dest", "content": "{\"profit\": 1}", "sequence_number": 144}
{"client_name": "rainstorm_source_0", "action": "append", "filename": "dest", "content": "{\"in\": 1}", "sequence_number": 145}
{"client_name": "rainstorm_source_0", "action": "append", "filename": "dest", "content": "{\"in\": 1}", "sequence_number": 146}
{"client_name": "rainstorm_source_0", "action": "append", "filename": "dest", "content": "{\"the\": 1}", "sequence_number": 147}
{"client_name": "rainstorm_source_0", "action": "append", "filename": "dest", "content": "{\"the\": 1}", "sequence_number": 148}
{"client_name": "rainstorm_source_0", "action": "append", "filename": "dest", "content": "{\"three\": 1}", "sequence_number": 149}
{"client_name": "rainstorm_source_0", "action": "append", "filename": "dest", "content": "{\"three\": 1}", "sequence_number": 150}
{"client_name": "rainstorm_source_0", "action": "append", "filename": "dest", "content": "{\"months\": 1}", "sequence_number": 151}
{"client_name": "rainstorm_source_0", "action": "append", "filename": "dest", "content": "{\"months\": 1}", "sequence_number": 152}
{"client_name": "rainstorm_source_0", "action": "append", "filename": "dest", "content": "{\"to\": 1}", "sequence_number": 153}
{"client_name": "rainstorm_source_0", "action": "append", "filename": "dest", "content": "{\"to\": 1}", "sequence_number": 154}
{"client_name": "rainstorm_source_0", "action": "append", "filename": "dest", "content": "{\"31\": 1}", "sequence_number": 155}
{"client_name": "rainstorm_source_0", "action": "append", "filename": "dest", "content": "{\"31\": 1}", "sequence_number": 156}
{"client_name": "rainstorm_source_0", "action": "append", "filename": "dest", "content": "{\"December\": 1}", "sequence_number": 157}
{"client_name": "rainstorm_source_0", "action": "append", "filename": "dest", "content": "{\"December\": 1}", "sequence_number": 158}
{"client_name": "rainstorm_source_0", "action": "append", "filename": "dest", "content": "{\"was\": 1}", "sequence_number": 159}
{"client_name": "rainstorm_source_0", "action": "append", "filename": "dest", "content": "{\"was\": 1}", "sequence_number": 160}
{"client_name": "rainstorm_source_0", "action": "append", "filename": "dest", "content": "{\"120.7m\": 1}", "sequence_number": 161}
{"client_name": "rainstorm_source_0", "action": "append", "filename": "dest", "content": "{\"120.7m\": 1}", "sequence_number": 162}
{"client_name": "rainstorm_source_0", "action": "append", "filename": "dest", "content": "{\"euros\": 1}", "sequence_number": 163}
{"client_name": "rainstorm_source_0", "action": "append", "filename": "dest", "content": "{\"euros\": 1}", "sequence_number": 164}
{"client_name": "rainstorm_source_0", "action": "append", "filename": "dest", "content": "{\"($158.8m;\": 1}", "sequence_number": 165}
{"client_name": "rainstorm_source_0", "action": "append", "filename": "dest", "content": "{\"($158.8m;\": 1}", "sequence_number": 166}
{"client_name": "rainstorm_source_0", "action": "append", "filename": "dest", "content": "{\"\\u00a383.3m).\": 1}", "sequence_number": 167}
{"client_name": "rainstorm_source_0", "action": "append", "filename": "dest", "content": "{\"\\u00a383.3m).\": 1}", "sequence_number": 168}
{"client_name": "rainstorm_source_0", "action": "append", "filename": "dest", "content": "{\"Sales\": 1}", "sequence_number": 169}
{"client_name": "rainstorm_source_0", "action": "append", "filename": "dest", "content": "{\"Sales\": 1}", "sequence_number": 170}
{"client_name": "rainstorm_source_0", "action": "append", "filename": "dest", "content": "{\"climbed\": 1}", "sequence_number": 171}
{"client_name": "rainstorm_source_0", "action": "append", "filename": "dest", "content": "{\"climbed\": 1}", "sequence_number": 172}
{"client_name": "rainstorm_source_0", "action": "append", "filename": "dest", "content": "{\"to\": 1}", "sequence_number": 173}
{"client_name": "rainstorm_source_0", "action": "append", "filename": "dest", "content": "{\"to\": 1}", "sequence_number": 174}
{"client_name": "rainstorm_source_0", "action": "append", "filename": "dest", "content": "{\"364.4m\": 1}", "sequence_number": 175}
{"client_name": "rainstorm_source_0", "action": "append", "filename": "dest", "content": "{\"364.4m\": 1}", "sequence_number": 176}
{"client_name": "rainstorm_source_0", "action": "append", "filename": "dest", "content": "{\"euros,\": 1}", "sequence_number": 177}
{"client_name": "rainstorm_source_0", "action": "append", "filename": "dest", "content": "{\"euros,\": 1}", "sequence_number": 178}
{"client_name": "rainstorm_source_0", "action": "append", "filename": "dest", "content": "{\"lifting\": 1}", "sequence_number": 179}
{"client_name": "rainstorm_source_0", "action": "append", "filename": "dest", "content": "{\"lifting\": 1}", "sequence_number": 180}
{"client_name": "rainstorm_source_0", "action": "append", "filename": "dest", "content": "{\"revenue\": 1}", "sequence_number": 181}
{"client_name": "rainstorm_source_0", "action": "append", "filename": "dest", "content": "{\"revenue\": 1}", "sequence_number": 182}
{"client_name": "rainstorm_source_0", "action": "append", "filename": "dest", "content": "{\"for\": 1}", "sequence_number": 183}
{"client_name": "rainstorm_source_0", "action": "append", "filename": "dest", "content": "{\"for\": 1}", "sequence_number": 184}
{"client_name": "rainstorm_source_0", "action": "append", "filename": "dest", "content": "{\"the\": 1}", "sequence_number": 185}
{"client_name": "rainstorm_source_0", "action": "append", "filename": "dest", "content": "{\"the\": 1}", "sequence_number": 186}
{"client_name": "rainstorm_source_0", "action": "append", "filename": "dest", "content": "{\"year\": 1}", "sequence_number": 187}
{"client_name": "rainstorm_source_0", "action": "append", "filename": "dest", "content": "{\"year\": 1}", "sequence_number": 188}
{"client_name": "rainstorm_source_0", "action": "append", "filename": "dest", "content": "{\"to\": 1}", "sequence_number": 189}
{"client_name": "rainstorm_source_0", "action": "append", "filename": "dest", "content": "{\"to\": 1}", "sequence_number": 190}
{"client_name": "rainstorm_source_0", "action": "append", "filename": "dest", "content": "{\"a\": 1}", "sequence_number": 191}
{"client_name": "rainstorm_source_0", "action": "append", "filename": "dest", "content": "{\"a\": 1}", "sequence_number": 192}
{"client_name": "rainstorm_source_0", "action": "append", "filename": "dest", "content": "{\"record\": 1}", "sequence_number": 193}
{"client_name": "rainstorm_source_0", "action": "append", "filename": "dest", "content": "{\"record\": 1}", "sequence_number": 194}
{"client_name": "rainstorm_source_0", "action": "append", "filename": "dest", "content": "{\"1.45bn\": 1}", "sequence_number": 195}
{"client_name": "rainstorm_source_0", "action": "append", "filename": "dest", "content": "{\"1.45bn\": 1}", "sequence_number": 196}
{"client_name": "rainstorm_source_0", "action": "append", "filename": "dest", "content": "{\"euros.\": 1}", "sequence_number": 197}
{"client_name": "rainstorm_source_0", "action": "append", "filename": "dest", "content": "{\"euros.\": 1}", "sequence_number": 198}
{"client_name": "rainstorm_source_0", "action": "append", "filename": "dest", "content": "{\"Frankfurt-based\": 1}", "sequence_number": 199}
{"client_name": "rainstorm_source_0", "action": "append", "filename": "dest", "content": "{\"Frankfurt-based\": 1}", "sequence_number": 200}
{"client_name": "rainstorm_source_0", "action": "append", "filename": "dest", "content": "{\"Deutsche\": 1}", "sequence_number": 201}
{"client_name": "rainstorm_source_0", "action": "append", "filename": "dest", "content": "{\"Deutsche\": 1}", "sequence_number": 202}
{"client_name": "rainstorm_source_0", "action": "append", "filename": "dest", "content": "{\"Boerse\": 1}", "sequence_number": 203}
{"client_name": "rainstorm_source_0", "action": "append", "filename": "dest", "content": "{\"Boerse\": 1}", "sequence_number": 204}
{"client_name": "rainstorm_source_0", "action": "append", "filename": "dest", "content": "{\"has\": 1}", "sequence_number": 205}
{"client_name": "rainstorm_source_0", "action": "append", "filename": "dest", "content": "{\"has\": 1}", "sequence_number": 206}
{"client_name": "rainstorm_source_0", "action": "append", "filename": "dest", "content": "{\"offered\": 1}", "sequence_number": 207}
{"client_name": "rainstorm_source_0", "action": "append", "filename": "dest", "content": "{\"offered\": 1}", "sequence_number": 208}
{"client_name": "rainstorm_source_0", "action": "append", "filename": "dest", "content": "{\"\\u00a31.3bn\": 1}", "sequence_number": 209}
{"client_name": "rainstorm_source_0", "action": "append", "filename": "dest", "content": "{\"\\u00a31.3bn\": 1}", "sequence_number": 210}
{"client_name": "rainstorm_source_0", "action": "append", "filename": "dest", "content": "{\"($2.48bn;\": 1}", "sequence_number": 211}
{"client_name": "rainstorm_source_0", "action": "append", "filename": "dest", "content": "{\"($2.48bn;\": 1}", "sequence_number": 212}
{"client_name": "rainstorm_source_0", "action": "append", "filename": "dest", "content": "{\"1.88bn\": 1}", "sequence_number": 213}
{"client_name": "rainstorm_source_0", "action": "append", "filename": "dest", "content": "{\"1.88bn\": 1}", "sequence_number": 214}
{"client_name": "rainstorm_source_0", "action": "append", "filename": "dest", "content": "{\"euros)\": 1}", "sequence_number": 215}
{"client_name": "rainstorm_source_0", "action": "append", "filename": "dest", "content": "{\"euros)\": 1}", "sequence_number": 216}
{"client_name": "rainstorm_source_0", "action": "append", "filename": "dest", "content": "{\"for\": 1}", "sequence_number": 217}
{"client_name": "rainstorm_source_0", "action": "append", "filename": "dest", "content": "{\"for\": 1}", "sequence_number": 218}
{"client_name": "rainstorm_source_0", "action": "append", "filename": "dest", "content": "{\"the\": 1}", "sequence_number": 219}
{"client_name": "rainstorm_source_0", "action": "append", "filename": "dest", "content": "{\"the\": 1}", "sequence_number": 220}
{"client_name": "rainstorm_source_0", "action": "append", "filename": "dest", "content": "{\"London\": 1}", "sequence_number": 221}
{"client_name": "rainstorm_source_0", "action": "append", "filename": "dest", "content": "{\"London\": 1}", "sequence_number": 222}
{"client_name": "rainstorm_source_0", "action": "append", "filename": "dest", "content": "{\"Stock\": 1}", "sequence_number": 223}
{"client_name": "rainstorm_source_0", "action": "append", "filename": "dest", "content": "{\"Stock\": 1}", "sequence_number": 224}
{"client_name": "rainstorm_source_0", "action": "append", "filename": "dest", "content": "{\"Exchange.\": 1}", "sequence_number": 225}
{"client_name": "rainstorm_source_0", "action": "append", "filename": "dest", "content": "{\"Exchange.\": 1}", "sequence_number": 226}
{"client_name": "rainstorm_source_0", "action": "append", "filename": "dest", "content": "{\"Rival\": 1}", "sequence_number": 227}
{"client_name": "rainstorm_source_0", "action": "append", "filename": "dest", "content": "{\"Rival\": 1}", "sequence_number": 228}
{"client_name": "rainstorm_source_0", "action": "append", "filename": "dest", "content": "{\"pan-European\": 1}", "sequence_number": 229}
{"client_name": "rainstorm_source_0", "action": "append", "filename": "dest", "content": "{\"pan-European\": 1}", "sequence_number": 230}
{"client_name": "rainstorm_source_0", "action": "append", "filename": "dest", "content": "{\"bourse\": 1}", "sequence_number": 231}
{"client_name": "rainstorm_source_0", "action": "append", "filename": "dest", "content": "{\"bourse\": 1}", "sequence_number": 232}
{"client_name": "rainstorm_source_0", "action": "append", "filename": "dest", "content": "{\"Euronext\": 1}", "sequence_number": 233}
{"client_name": "rainstorm_source_0", "action": "append", "filename": "dest", "content": "{\"Euronext\": 1}", "sequence_number": 234}
{"client_name": "rainstorm_source_0", "action": "append", "filename": "dest", "content": "{\"is\": 1}", "sequence_number": 235}
{"client_name": "rainstorm_source_0", "action": "append", "filename": "dest", "content": "{\"is\": 1}", "sequence_number": 236}
{"client_name": "rainstorm_source_0", "action": "append", "filename": "dest", "content": "{\"working\": 1}", "sequence_number": 237}
{"client_name": "rainstorm_source_0", "action": "append", "filename": "dest", "content": "{\"working\": 1}", "sequence_number": 238}
{"client_name": "rainstorm_source_0", "action": "append", "filename": "dest", "content": "{\"also\": 1}", "sequence_number": 239}
{"client_name": "rainstorm_source_0", "action": "append", "filename": "dest", "content": "{\"also\": 1}", "sequence_number": 240}
{"client_name": "rainstorm_source_0", "action": "append", "filename": "dest", "content": "{\"on\": 1}", "sequence_number": 241}
{"client_name": "rainstorm_source_0", "action": "append", "filename": "dest", "content": "{\"on\": 1}", "sequence_number": 242}
{"client_name": "rainstorm_source_0", "action": "append", "filename": "dest", "content": "{\"a\": 1}", "sequence_number": 243}
{"client_name": "rainstorm_source_0", "action": "append", "filename": "dest", "content": "{\"a\": 1}", "sequence_number": 244}
{"client_name": "rainstorm_source_0", "action": "append", "filename": "dest", "content": "{\"bid.\": 1}", "sequence_number": 245}
{"client_name": "rainstorm_source_0", "action": "append", "filename": "dest", "content": "{\"bid.\": 1}", "sequence_number": 246}
{"client_name": "rainstorm_source_0", "action": "append", "filename": "dest", "content": "{\"Late\": 1}", "sequence_number": 247}
{"client_name": "rainstorm_source_0", "action": "append", "filename": "dest", "content": "{\"Late\": 1}", "sequence_number": 248}
{"client_name": "rainstorm_source_0", "action": "append", "filename": "dest", "content": "{\"on\": 1}", "sequence_number": 249}
{"client_name": "rainstorm_source_0", "action": "append", "filename": "dest", "content": "{\"on\": 1}", "sequence_number": 250}
{"client_name": "rainstorm_source_0", "action": "append", "filename": "dest", "content": "{\"Monday,\": 1}", "sequence_number": 251}
{"client_name": "rainstorm_source_0", "action": "append", "filename": "dest", "content": "{\"Monday,\": 1}", "sequence_number": 252}
{"client_name": "rainstorm_source_0", "action": "append", "filename": "dest", "content": "{\"Deutsche\": 1}", "sequence_number": 253}
{"client_name": "rainstorm_source_0", "action": "append", "filename": "dest", "content": "{\"Deutsche\": 1}", "sequence_number": 254}
{"client_name": "rainstorm_source_0", "action": "append", "filename": "dest", "content": "{\"Boerse\": 1}", "sequence_number": 255}
{"client_name": "rainstorm_source_0", "action": "append", "filename": "dest", "content": "{\"Boerse\": 1}", "sequence_number": 256}
{"client_name": "rainstorm_source_0", "action": "append", "filename": "dest", "content": "{\"said\": 1}", "sequence_number": 257}
{"client_name": "rainstorm_source_0", "action": "append", "filename": "dest", "content": "{\"said\": 1}", "sequence_number": 258}
{"client_name": "rainstorm_source_0", "action": "append", "filename": "dest", "content": "{\"it\": 1}", "sequence_number": 259}
{"client_name": "rainstorm_source_0", "action": "append", "filename": "dest", "content": "{\"it\": 1}", "sequence_number": 260}
{"client_name": "rainstorm_source_0", "action": "append", "filename": "dest", "content": "{\"would\": 1}", "sequence_number": 261}
{"client_name": "rainstorm_source_0", "action": "append", "filename": "dest", "content": "{\"would\": 1}", "sequence_number": 262}
{"client_name": "rainstorm_source_0", "action": "append", "filename": "dest", "content": "{\"lift\": 1}", "sequence_number": 263}
{"client_name": "rainstorm_source_0", "action": "append", "filename": "dest", "content": "{\"lift\": 1}", "sequence_number": 264}
{"client_name": "rainstorm_source_0", "action": "append", "filename": "dest", "content": "{\"its\": 1}", "sequence_number": 265}
{"client_name": "rainstorm_source_0", "action": "append", "filename": "dest", "content": "{\"its\": 1}", "sequence_number": 266}
{"client_name": "rainstorm_source_0", "action": "append", "filename": "dest", "content": "{\"2004\": 1}", "sequence_number": 267}
{"client_name": "rainstorm_source_0", "action": "append", "filename": "dest", "content": "{\"2004\": 1}", "sequence_number": 268}
{"client_name": "rainstorm_source_0", "action": "append", "filename": "dest", "content": "{\"dividend\": 1}", "sequence_number": 269}
{"client_name": "rainstorm_source_0", "action": "append", "filename": "dest", "content": "{\"dividend\": 1}", "sequence_number": 270}
{"client_name": "rainstorm_source_0", "action": "append", "filename": "dest", "content": "{\"payment\": 1}", "sequence_number": 271}
{"client_name": "rainstorm_source_0", "action": "append", "filename": "dest", "content": "{\"payment\": 1}", "sequence_number": 272}
{"client_name": "rainstorm_source_0", "action": "append", "filename": "dest", "content": "{\"to\": 1}", "sequence_number": 273}
{"client_name": "rainstorm_source_0", "action": "append", "filename": "dest", "content": "{\"to\": 1}", "sequence_number": 274}
{"client_name": "rainstorm_source_0", "action": "append", "filename": "dest", "content": "{\"70\": 1}", "sequence_number": 275}
{"client_name": "rainstorm_source_0", "action": "append", "filename": "dest", "content": "{\"70\": 1}", "sequence_number": 276}
{"client_name": "rainstorm_source_0", "action": "append", "filename": "dest", "content": "{\"euro\": 1}", "sequence_number": 277}
{"client_name": "rainstorm_source_0", "action": "append", "filename": "dest", "content": "{\"euro\": 1}", "sequence_number": 278}
{"client_name": "rainstorm_source_0", "action": "append", "filename": "dest", "content": "{\"cents\": 1}", "sequence_number": 279}
{"client_name": "rainstorm_source_0", "action": "append", "filename": "dest", "content": "{\"cents\": 1}", "sequence_number": 280}
{"client_name": "rainstorm_source_0", "action": "append", "filename": "dest", "content": "{\"(\\u00a30.48;\": 1}", "sequence_number": 281}
{"client_name": "rainstorm_source_0", "action": "append", "filename": "dest", "content": "{\"(\\u00a30.48;\": 1}", "sequence_number": 282}
{"client_name": "rainstorm_source_0", "action": "append", "filename": "dest", "content": "{\"$0.98)\": 1}", "sequence_number": 283}
{"client_name": "rainstorm_source_0", "action": "append", "filename": "dest", "content": "{\"$0.98)\": 1}", "sequence_number": 284}
{"client_name": "rainstorm_source_0", "action": "append", "filename": "dest", "content": "{\"from\": 1}", "sequence_number": 285}
{"client_name": "rainstorm_source_0", "action": "append", "filename": "dest", "content": "{\"from\": 1}", "sequence_number": 286}
{"client_name": "rainstorm_source_0", "action": "append", "filename": "dest", "content": "{\"55\": 1}", "sequence_number": 287}
{"client_name": "rainstorm_source_0", "action": "append", "filename": "dest", "content": "{\"55\": 1}", "sequence_number": 288}
{"client_name": "rainstorm_source_0", "action": "append", "filename": "dest", "content": "{\"euro\": 1}", "sequence_number": 289}
{"client_name": "rainstorm_source_0", "action": "append", "filename": "dest", "content": "{\"euro\": 1}", "sequence_number": 290}
{"client_name": "rainstorm_source_0", "action": "append", "filename": "dest", "content": "{\"cents\": 1}", "sequence_number": 291}
{"client_name": "rainstorm_source_0", "action": "append", "filename": "dest", "content": "{\"cents\": 1}", "sequence_number": 292}
{"client_name": "rainstorm_source_0", "action": "append", "filename": "dest", "content": "{\"a\": 1}", "sequence_number": 293}
{"client_name": "rainstorm_source_0", "action": "append", "filename": "dest", "content": "{\"a\": 1}", "sequence_number": 294}
{"client_name": "rainstorm_source_0", "action": "append", "filename": "dest", "content": "{\"year\": 1}", "sequence_number": 295}
{"client_name": "rainstorm_source_0", "action": "append", "filename": "dest", "content": "{\"year\": 1}", "sequence_number": 296}
{"client_name": "rainstorm_source_0", "action": "append", "filename": "dest", "content": "{\"earlier.\": 1}", "sequence_number": 297}
{"client_name": "rainstorm_source_0", "action": "append", "filename": "dest", "content": "{\"earlier.\": 1}", "sequence_number": 298}
{"client_name": "rainstorm_source_0", "action": "append", "filename": "dest", "content": "{\"\\\"There\": 1}", "sequence_number": 299}
{"client_name": "rainstorm_source_0", "action": "append", "filename": "dest", "content": "{\"\\\"There\": 1}", "sequence_number": 300}
{"client_name": "rainstorm_source_0", "action": "append", "filename": "dest", "content": "{\"is\": 1}", "sequence_number": 301}
{"client_name": "rainstorm_source_0", "action": "append", "filename": "dest", "content": "{\"is\": 1}", "sequence_number": 302}
{"client_name": "rainstorm_source_0", "action": "append", "filename": "dest", "content": "{\"a\": 1}", "sequence_number": 303}
{"client_name": "rainstorm_source_0", "action": "append", "filename": "dest", "content": "{\"a\": 1}", "sequence_number": 304}
{"client_name": "rainstorm_source_0", "action": "append", "filename": "dest", "content": "{\"whiff\": 1}", "sequence_number": 305}
{"client_name": "rainstorm_source_0", "action": "append", "filename": "dest", "content": "{\"whiff\": 1}", "sequence_number": 306}
{"client_name": "rainstorm_source_0", "action": "append", "filename": "dest", "content": "{\"of\": 1}", "sequence_number": 307}
{"client_name": "rainstorm_source_0", "action": "append", "filename": "dest", "content": "{\"of\": 1}", "sequence_number": 308}
{"client_name": "rainstorm_source_0", "action": "append", "filename": "dest", "content": "{\"a\": 1}", "sequence_number": 309}
{"client_name": "rainstorm_source_0", "action": "append", "filename": "dest", "content": "{\"a\": 1}", "sequence_number": 310}
{"client_name": "rainstorm_source_0", "action": "append", "filename": "dest", "content": "{\"sweetener\": 1}", "sequence_number": 311}
{"client_name": "rainstorm_source_0", "action": "append", "filename": "dest", "content": "{\"sweetener\": 1}", "sequence_number": 312}
{"client_name": "rainstorm_source_0", "action": "append", "filename": "dest", "content": "{\"in\": 1}", "sequence_number": 313}
{"client_name": "rainstorm_source_0", "action": "append", "filename": "dest", "content": "{\"in\": 1}", "sequence_number": 314}
{"client_name": "rainstorm_source_0", "action": "append", "filename": "dest", "content": "{\"there,\\\"\": 1}", "sequence_number": 315}
{"client_name": "rainstorm_source_0", "action": "append", "filename": "dest", "content": "{\"there,\\\"\": 1}", "sequence_number": 316}
{"client_name": "rainstorm_source_0", "action": "append", "filename": "dest", "content": "{\"Anais\": 1}", "sequence_number": 317}
{"client_name": "rainstorm_source_0", "action": "append", "filename": "dest", "content": "{\"Anais\": 1}", "sequence_number": 318}
{"client_name": "rainstorm_source_0", "action": "append", "filename": "dest", "content": "{\"Faraj,\": 1}", "sequence_number": 319}
{"client_name": "rainstorm_source_0", "action": "append", "filename": "dest", "content": "{\"Faraj,\": 1}", "sequence_number": 320}
{"client_name": "rainstorm_source_0", "action": "append", "filename": "dest", "content": "{\"an\": 1}", "sequence_number": 321}
{"client_name": "rainstorm_source_0", "action": "append", "filename": "dest", "content": "{\"an\": 1}", "sequence_number": 322}
{"client_name": "rainstorm_source_0", "action": "append", "filename": "dest", "content": "{\"analyst\": 1}", "sequence_number": 323}
{"client_name": "rainstorm_source_0", "action": "append", "filename": "dest", "content": "{\"analyst\": 1}", "sequence_number": 324}
{"client_name": "rainstorm_source_0", "action": "append", "filename": "dest", "content": "{\"at\": 1}", "sequence_number": 325}
{"client_name": "rainstorm_source_0", "action": "append", "filename": "dest", "content": "{\"at\": 1}", "sequence_number": 326}
{"client_name": "rainstorm_source_0", "action": "append", "filename": "dest", "content": "{\"Nomura\": 1}", "sequence_number": 327}
{"client_name": "rainstorm_source_0", "action": "append", "filename": "dest", "content": "{\"Nomura\": 1}", "sequence_number": 328}
{"client_name": "rainstorm_source_0", "action": "append", "filename": "dest", "content": "{\"told\": 1}", "sequence_number": 329}
{"client_name": "rainstorm_source_0", "action": "append", "filename": "dest", "content": "{\"told\": 1}", "sequence_number": 330}
{"client_name": "rainstorm_source_0", "action": "append", "filename": "dest", "content": "{\"the\": 1}", "sequence_number": 331}
{"client_name": "rainstorm_source_0", "action": "append", "filename": "dest", "content": "{\"the\": 1}", "sequence_number": 332}
{"client_name": "rainstorm_source_0", "action": "append", "filename": "dest", "content": "{\"BBC's\": 1}", "sequence_number": 333}
{"client_name": "rainstorm_source_0", "action": "append", "filename": "dest", "content": "{\"BBC's\": 1}", "sequence_number": 334}
{"client_name": "rainstorm_source_0", "action": "append", "filename": "dest", "content": "{\"World\": 1}", "sequence_number": 335}
{"client_name": "rainstorm_source_0", "action": "append", "filename": "dest", "content": "{\"World\": 1}", "sequence_number": 336}
{"client_name": "rainstorm_source_0", "action": "append", "filename": "dest", "content": "{\"Business\": 1}", "sequence_number": 337}
{"client_name": "rainstorm_source_0", "action": "append", "filename": "dest", "content": "{\"Business\": 1}", "sequence_number": 338}
{"client_name": "rainstorm_source_0", "action": "append", "filename": "dest", "content": "{\"Report.\": 1}", "sequence_number": 339}
{"client_name": "rainstorm_source_0", "action": "append", "filename": "dest", "content": "{\"Report.\": 1}", "sequence_number": 340}
{"client_name": "rainstorm_source_0", "action": "append", "filename": "dest", "content": "{\"\\\"Most\": 1}", "sequence_number": 341}
{"client_name": "rainstorm_source_0", "action": "append", "filename": "dest", "content": "{\"\\\"Most\": 1}", "sequence_number": 342}
{"client_name": "rainstorm_source_0", "action": "append", "filename": "dest", "content": "{\"of\": 1}", "sequence_number": 343}
{"client_name": "rainstorm_source_0", "action": "append", "filename": "dest", "content": "{\"of\": 1}", "sequence_number": 344}
{"client_name": "rainstorm_source_0", "action": "append", "filename": "dest", "content": "{\"the\": 1}", "sequence_number": 345}
{"client_name": "rainstorm_source_0", "action": "append", "filename": "dest", "content": "{\"the\": 1}", "sequence_number": 346}
{"client_name": "rainstorm_source_0", "action": "append", "filename": "dest", "content": "{\"disgruntled\": 1}", "sequence_number": 347}
{"client_name": "rainstorm_source_0", "action": "append", "filename": "dest", "content": "{\"disgruntled\": 1}", "sequence_number": 348}
{"client_name": "rainstorm_source_0", "action": "append", "filename": "dest", "content": "{\"shareholders\": 1}", "sequence_number": 349}
{"client_name": "rainstorm_source_0", "action": "append", "filename": "dest", "content": "{\"shareholders\": 1}", "sequence_number": 350}
{"client_name": "rainstorm_source_0", "action": "append", "filename": "dest", "content": "{\"of\": 1}", "sequence_number": 351}
{"client_name": "rainstorm_source_0", "action": "append", "filename": "dest", "content": "{\"of\": 1}", "sequence_number": 352}
{"client_name": "rainstorm_source_0", "action": "append", "filename": "dest", "content": "{\"Deutsche\": 1}", "sequence_number": 353}
{"client_name": "rainstorm_source_0", "action": "append", "filename": "dest", "content": "{\"Deutsche\": 1}", "sequence_number": 354}
{"client_name": "rainstorm_source_0", "action": "append", "filename": "dest", "content": "{\"Boerse\": 1}", "sequence_number": 355}
{"client_name": "rainstorm_source_0", "action": "append", "filename": "dest", "content": "{\"Boerse\": 1}", "sequence_number": 356}
{"client_name": "rainstorm_source_0", "action": "append", "filename": "dest", "content": "{\"are\": 1}", "sequence_number": 357}
{"client_name": "rainstorm_source_0", "action": "append", "filename": "dest", "content": "{\"are\": 1}", "sequence_number": 358}
{"client_name": "rainstorm_source_0", "action": "append", "filename": "dest", "content": "{\"complaining\": 1}", "sequence_number": 359}
{"client_name": "rainstorm_source_0", "action": "append", "filename": "dest", "content": "{\"complaining\": 1}", "sequence_number": 360}
{"client_name": "rainstorm_source_0", "action": "append", "filename": "dest", "content": "{\"that\": 1}", "sequence_number": 361}
{"client_name": "rainstorm_source_0", "action": "append", "filename": "dest", "content": "{\"that\": 1}", "sequence_number": 362}
{"client_name": "rainstorm_source_0", "action": "append", "filename": "dest", "content": "{\"the\": 1}", "sequence_number": 363}
{"client_name": "rainstorm_source_0", "action": "append", "filename": "dest", "content": "{\"the\": 1}", "sequence_number": 364}
{"client_name": "rainstorm_source_0", "action": "append", "filename": "dest", "content": "{\"money\": 1}", "sequence_number": 365}
{"client_name": "rainstorm_source_0", "action": "append", "filename": "dest", "content": "{\"money\": 1}", "sequence_number": 366}
{"client_name": "rainstorm_source_0", "action": "append", "filename": "dest", "content": "{\"that\": 1}", "sequence_number": 367}
{"client_name": "rainstorm_source_0", "action": "append", "filename": "dest", "content": "{\"that\": 1}", "sequence_number": 368}
{"client_name": "rainstorm_source_0", "action": "append", "filename": "dest", "content": "{\"is\": 1}", "sequence_number": 369}
{"client_name": "rainstorm_source_0", "action": "append", "filename": "dest", "content": "{\"is\": 1}", "sequence_number": 370}
{"client_name": "rainstorm_source_0", "action": "append", "filename": "dest", "content": "{\"being\": 1}", "sequence_number": 371}
{"client_name": "rainstorm_source_0", "action": "append", "filename": "dest", "content": "{\"being\": 1}", "sequence_number": 372}
{"client_name": "rainstorm_source_0", "action": "append", "filename": "dest", "content": "{\"used\": 1}", "sequence_number": 373}
{"client_name": "rainstorm_source_0", "action": "append", "filename": "dest", "content": "{\"used\": 1}", "sequence_number": 374}
{"client_name": "rainstorm_source_0", "action": "append", "filename": "dest", "content": "{\"for\": 1}", "sequence_number": 375}
{"client_name": "rainstorm_source_0", "action": "append", "filename": "dest", "content": "{\"for\": 1}", "sequence_number": 376}
{"client_name": "rainstorm_source_0", "action": "append", "filename": "dest", "content": "{\"the\": 1}", "sequence_number": 377}
{"client_name": "rainstorm_source_0", "action": "append", "filename": "dest", "content": "{\"the\": 1}", "sequence_number": 378}
{"client_name": "rainstorm_source_0", "action": "append", "filename": "dest", "content": "{\"bid\": 1}", "sequence_number": 379}
{"client_name": "rainstorm_source_0", "action": "append", "filename": "dest", "content": "{\"bid\": 1}", "sequence_number": 380}
{"client_name": "rainstorm_source_0", "action": "append", "filename": "dest", "content": "{\"could\": 1}", "sequence_number": 381}
{"client_name": "rainstorm_source_0", "action": "append", "filename": "dest", "content": "{\"could\": 1}", "sequence_number": 382}
{"client_name": "rainstorm_source_0", "action": "append", "filename": "dest", "content": "{\"be\": 1}", "sequence_number": 383}
{"client_name": "rainstorm_source_0", "action": "append", "filename": "dest", "content": "{\"be\": 1}", "sequence_number": 384}
{"client_name": "rainstorm_source_0", "action": "append", "filename": "dest", "content": "{\"better\": 1}", "sequence_number": 385}
{"client_name": "rainstorm_source_0", "action": "append", "filename": "dest", "content": "{\"better\": 1}", "sequence_number": 386}
{"client_name": "rainstorm_source_0", "action": "append", "filename": "dest", "content": "{\"placed\": 1}", "sequence_number": 387}
{"client_name": "rainstorm_source_0", "action": "append", "filename": "dest", "content": "{\"placed\": 1}", "sequence_number": 388}
{"client_name": "rainstorm_source_0", "action": "append", "filename": "dest", "content": "{\"in\": 1}", "sequence_number": 389}
{"client_name": "rainstorm_source_0", "action": "append", "filename": "dest", "content": "{\"in\": 1}", "sequence_number": 390}
{"client_name": "rainstorm_source_0", "action": "append", "filename": "dest", "content": "{\"their\": 1}", "sequence_number": 391}
{"client_name": "rainstorm_source_0", "action": "append", "filename": "dest", "content": "{\"their\": 1}", "sequence_number": 392}
{"client_name": "rainstorm_source_0", "action": "append", "filename": "dest", "content": "{\"hands,\": 1}", "sequence_number": 393}
{"client_name": "rainstorm_source_0", "action": "append", "filename": "dest", "content": "{\"hands,\": 1}", "sequence_number": 394}
{"client_name": "rainstorm_source_0", "action": "append", "filename": "dest", "content": "{\"paid\": 1}", "sequence_number": 395}
{"client_name": "rainstorm_source_0", "action": "append", "filename": "dest", "content": "{\"paid\": 1}", "sequence_number": 396}
{"client_name": "rainstorm_source_0", "action": "append", "filename": "dest", "content": "{\"out\": 1}", "sequence_number": 397}
{"client_name": "rainstorm_source_0", "action": "append", "filename": "dest", "content": "{\"out\": 1}", "sequence_number": 398}
{"client_name": "rainstorm_source_0", "action": "append", "filename": "dest", "content": "{\"in\": 1}", "sequence_number": 399}
{"client_name": "rainstorm_source_0", "action": "append", "filename": "dest", "content": "{\"in\": 1}", "sequence_number": 400}
{"client_name": "rainstorm_source_0", "action": "append", "filename": "dest", "content": "{\"dividends,\\\"\": 1}", "sequence_number": 401}
{"client_name": "rainstorm_source_0", "action": "append", "filename": "dest", "content": "{\"dividends,\\\"\": 1}", "sequence_number": 402}
{"client_name": "rainstorm_source_0", "action": "append", "filename": "dest", "content": "{\"Mr\": 1}", "sequence_number": 403}
{"client_name": "rainstorm_source_0", "action": "append", "filename": "dest", "content": "{\"Mr\": 1}", "sequence_number": 404}
{"client_name": "rainstorm_source_0", "action": "append", "filename": "dest", "content": "{\"Faraj\": 1}", "sequence_number": 405}
{"client_name": "rainstorm_source_0", "action": "append", "filename": "dest", "content": "{\"Faraj\": 1}", "sequence_number": 406}
{"client_name": "rainstorm_source_0", "action": "append", "filename": "dest", "content": "{\"continued.\": 1}", "sequence_number": 407}
{"client_name": "rainstorm_source_0", "action": "append", "filename": "dest", "content": "{\"continued.\": 1}", "sequence_number": 408}
{"client_name": "rainstorm_source_0", "action": "append", "filename": "dest", "content": "{\"Deutsche\": 1}", "sequence_number": 409}
{"client_name": "rainstorm_source_0", "action": "append", "filename": "dest", "content": "{\"Deutsche\": 1}", "sequence_number": 410}
{"client_name": "rainstorm_source_0", "action": "append", "filename": "dest", "content": "{\"Boerse\": 1}", "sequence_number": 411}
{"client_name": "rainstorm_source_0", "action": "append", "filename": "dest", "content": "{\"Boerse\": 1}", "sequence_number": 412}
{"client_name": "rainstorm_source_0", "action": "append", "filename": "dest", "content": "{\"is\": 1}", "sequence_number": 413}
{"client_name": "rainstorm_source_0", "action": "append", "filename": "dest", "content": "{\"is\": 1}", "sequence_number": 414}
{"client_name": "rainstorm_source_0", "action": "append", "filename": "dest", "content": "{\"\\\"trying\": 1}", "sequence_number": 415}
{"client_name": "rainstorm_source_0", "action": "append", "filename": "dest", "content": "{\"\\\"trying\": 1}", "sequence_number": 416}
{"client_name": "rainstorm_source_0", "action": "append", "filename": "dest", "content": "{\"to\": 1}", "sequence_number": 417}
{"client_name": "rainstorm_source_0", "action": "append", "filename": "dest", "content": "{\"to\": 1}", "sequence_number": 418}
{"client_name": "rainstorm_source_0", "action": "append", "filename": "dest", "content": "{\"buy\": 1}", "sequence_number": 419}
{"client_name": "rainstorm_source_0", "action": "append", "filename": "dest", "content": "{\"buy\": 1}", "sequence_number": 420}
{"client_name": "rainstorm_source_0", "action": "append", "filename": "dest", "content": "{\"them\": 1}", "sequence_number": 421}
{"client_name": "rainstorm_source_0", "action": "append", "filename": "dest", "content": "{\"them\": 1}", "sequence_number": 422}
{"client_name": "rainstorm_source_0", "action": "append", "filename": "dest", "content": "{\"off\": 1}", "sequence_number": 423}
{"client_name": "rainstorm_source_0", "action": "append", "filename": "dest", "content": "{\"off\": 1}", "sequence_number": 424}
{"client_name": "rainstorm_source_0", "action": "append", "filename": "dest", "content": "{\"in\": 1}", "sequence_number": 425}
{"client_name": "rainstorm_source_0", "action": "append", "filename": "dest", "content": "{\"in\": 1}", "sequence_number": 426}
{"client_name": "rainstorm_source_0", "action": "append", "filename": "dest", "content": "{\"a\": 1}", "sequence_number": 427}
{"client_name": "rainstorm_source_0", "action": "append", "filename": "dest", "content": "{\"a\": 1}", "sequence_number": 428}
{"client_name": "rainstorm_source_0", "action": "append", "filename": "dest", "content": "{\"sense\\\",\": 1}", "sequence_number": 429}
{"client_name": "rainstorm_source_0", "action": "append", "filename": "dest", "content": "{\"sense\\\",\": 1}", "sequence_number": 430}
{"client_name": "rainstorm_source_0", "action": "append", "filename": "dest", "content": "{\"he\": 1}", "sequence_number": 431}
{"client_name": "rainstorm_source_0", "action": "append", "filename": "dest", "content": "{\"he\": 1}", "sequence_number": 432}
{"client_name": "rainstorm_source_0", "action": "append", "filename": "dest", "content": "{\"said.\": 1}", "sequence_number": 433}
{"client_name": "rainstorm_source_0", "action": "append", "filename": "dest", "content": "{\"said.\": 1}", "sequence_number": 434}
