{"client_name": "rainstorm_op2_0", "action": "append", "filename": "op2_0_ack", "content": "{\"1\": 1}", "sequence_number": 1}
{"client_name": "rainstorm_op2_0", "action": "append", "filename": "op2_0_ack", "content": "{\"1\": 1, \"2\": 1}", "sequence_number": 2}
{"client_name": "rainstorm_op2_0", "action": "append", "filename": "op2_0_ack", "content": "{\"1\": 1, \"2\": 1, \"3\": 1}", "sequence_number": 3}
{"client_name": "rainstorm_op2_0", "action": "append", "filename": "op2_0_ack", "content": "{\"1\": 1, \"2\": 1, \"3\": 1, \"4\": 1}", "sequence_number": 4}
{"client_name": "rainstorm_op2_0", "action": "append", "filename": "op2_0_ack", "content": "{\"1\": 1, \"2\": 1, \"3\": 1, \"4\": 1, \"5\": 1}", "sequence_number": 5}
{"client_name": "rainstorm_op2_0", "action": "append", "filename": "op2_0_ack", "content": "{\"1\": 1, \"2\": 1, \"3\": 1, \"4\": 1, \"5\": 1, \"6\": 1}", "sequence_number": 6}
{"client_name": "rainstorm_op2_0", "action": "append", "filename": "op2_0_ack", "content": "{\"1\": 1, \"2\": 1, \"3\": 1, \"4\": 1, \"5\": 1, \"6\": 1, \"7\": 1}", "sequence_number": 7}
{"client_name": "rainstorm_op2_0", "action": "append", "filename": "op2_0_ack", "content": "{\"1\": 1, \"2\": 1, \"3\": 1, \"4\": 1, \"5\": 1, \"6\": 1, \"7\": 1, \"8\": 1}", "sequence_number": 8}
{"client_name": "rainstorm_op2_0", "action": "append", "filename": "op2_0_ack", "content": "{\"1\": 1, \"2\": 1, \"3\": 1, \"4\": 1, \"5\": 1, \"6\": 1, \"7\": 1, \"8\": 1, \"9\": 1}", "sequence_number": 9}
{"client_name": "rainstorm_op2_0", "action": "append", "filename": "op2_0_ack", "content": "{\"1\": 1, \"2\": 1, \"3\": 1, \"4\": 1, \"5\": 1, \"6\": 1, \"7\": 1, \"8\": 1, \"9\": 1, \"10\": 1}", "sequence_number": 10}
{"client_name": "rainstorm_op2_0", "action": "append", "filename": "op2_0_ack", "content": "{\"1\": 1, \"2\": 1, \"3\": 1, \"4\": 1, \"5\": 1, \"6\": 1, \"7\": 1, \"8\": 1, \"9\": 1, \"10\": 1, \"11\": 1}", "sequence_number": 11}
{"client_name": "rainstorm_op2_0", "action": "append", "filename": "op2_0_ack", "content": "{\"1\": 1, \"2\": 1, \"3\": 1, \"4\": 1, \"5\": 1, \"6\": 1, \"7\": 1, \"8\": 1, \"9\": 1, \"10\": 1, \"11\": 1, \"12\": 1}", "sequence_number": 12}
{"client_name": "rainstorm_op2_0", "action": "append", "filename": "op2_0_ack", "content": "{\"1\": 1, \"2\": 1, \"3\": 1, \"4\": 1, \"5\": 1, \"6\": 1, \"7\": 1, \"8\": 1, \"9\": 1, \"10\": 1, \"11\": 1, \"12\": 1, \"13\": 1}", "sequence_number": 13}
{"client_name": "rainstorm_op2_0", "action": "append", "filename": "op2_0_ack", "content": "{\"1\": 1, \"2\": 1, \"3\": 1, \"4\": 1, \"5\": 1, \"6\": 1, \"7\": 1, \"8\": 1, \"9\": 1, \"10\": 1, \"11\": 1, \"12\": 1, \"13\": 1, \"14\": 1}", "sequence_number": 14}
{"client_name": "rainstorm_op2_0", "action": "append", "filename": "op2_0_ack", "content": "{\"1\": 1, \"2\": 1, \"3\": 1, \"4\": 1, \"5\": 1, \"6\": 1, \"7\": 1, \"8\": 1, \"9\": 1, \"10\": 1, \"11\": 1, \"12\": 1, \"13\": 1, \"14\": 1, \"15\": 1}", "sequence_number": 15}
{"client_name": "rainstorm_op2_0", "action": "append", "filename": "op2_0_ack", "content": "{\"1\": 1, \"2\": 1, \"3\": 1, \"4\": 1, \"5\": 1, \"6\": 1, \"7\": 1, \"8\": 1, \"9\": 1, \"10\": 1, \"11\": 1, \"12\": 1, \"13\": 1, \"14\": 1, \"15\": 1, \"16\": 1}", "sequence_number": 16}
{"client_name": "rainstorm_op2_0", "action": "append", "filename": "op2_0_ack", "content": "{\"1\": 1, \"2\": 1, \"3\": 1, \"4\": 1, \"5\": 1, \"6\": 1, \"7\": 1, \"8\": 1, \"9\": 1, \"10\": 1, \"11\": 1, \"12\": 1, \"13\": 1, \"14\": 1, \"15\": 1, \"16\": 1, \"17\": 1}", "sequence_number": 17}
{"client_name": "rainstorm_op2_0", "action": "append", "filename": "op2_0_ack", "content": "{\"1\": 1, \"2\": 1, \"3\": 1, \"4\": 1, \"5\": 1, \"6\": 1, \"7\": 1, \"8\": 1, \"9\": 1, \"10\": 1, \"11\": 1, \"12\": 1, \"13\": 1, \"14\": 1, \"15\": 1, \"16\": 1, \"17\": 1, \"18\": 1}", "sequence_number": 18}
{"client_name": "rainstorm_op2_0", "action": "append", "filename": "op2_0_ack", "content": "{\"1\": 1, \"2\": 1, \"3\": 1, \"4\": 1, \"5\": 1, \"6\": 1, \"7\": 1, \"8\": 1, \"9\": 1, \"10\": 1, \"11\": 1, \"12\": 1, \"13\": 1, \"14\": 1, \"15\": 1, \"16\": 1, \"17\": 1, \"18\": 1, \"19\": 1}", "sequence_number": 19}
{"client_name": "rainstorm_op2_0", "action": "append", "filename": "op2_0_ack", "content": "{\"1\": 1, \"2\": 1, \"3\": 1, \"4\": 1, \"5\": 1, \"6\": 1, \"7\": 1, \"8\": 1, \"9\": 1, \"10\": 1, \"11\": 1, \"12\": 1, \"13\": 1, \"14\": 1, \"15\": 1, \"16\": 1, \"17\": 1, \"18\": 1, \"19\": 1, \"20\": 1}", "sequence_number": 20}
{"client_name": "rainstorm_op2_0", "action": "append", "filename": "op2_0_ack", "content": "{\"1\": 1, \"2\": 1, \"3\": 1, \"4\": 1, \"5\": 1, \"6\": 1, \"7\": 1, \"8\": 1, \"9\": 1, \"10\": 1, \"11\": 1, \"12\": 1, \"13\": 1, \"14\": 1, \"15\": 1, \"16\": 1, \"17\": 1, \"18\": 1, \"19\": 1, \"20\": 1, \"21\": 1}", "sequence_number": 21}
{"client_name": "rainstorm_op2_0", "action": "append", "filename": "op2_0_ack", "content": "{\"1\": 1, \"2\": 1, \"3\": 1, \"4\": 1, \"5\": 1, \"6\": 1, \"7\": 1, \"8\": 1, \"9\": 1, \"10\": 1, \"11\": 1, \"12\": 1, \"13\": 1, \"14\": 1, \"15\": 1, \"16\": 1, \"17\": 1, \"18\": 1, \"19\": 1, \"20\": 1, \"21\": 1, \"22\": 1}", "sequence_number": 22}
{"client_name": "rainstorm_op2_0", "action": "append", "filename": "op2_0_ack", "content": "{\"1\": 1, \"2\": 1, \"3\": 1, \"4\": 1, \"5\": 1, \"6\": 1, \"7\": 1, \"8\": 1, \"9\": 1, \"10\": 1, \"11\": 1, \"12\": 1, \"13\": 1, \"14\": 1, \"15\": 1, \"16\": 1, \"17\": 1, \"18\": 1, \"19\": 1, \"20\": 1, \"21\": 1, \"22\": 1, \"23\": 1}", "sequence_number": 23}
{"client_name": "rainstorm_op2_0", "action": "append", "filename": "op2_0_ack", "content": "{\"1\": 1, \"2\": 1, \"3\": 1, \"4\": 1, \"5\": 1, \"6\": 1, \"7\": 1, \"8\": 1, \"9\": 1, \"10\": 1, \"11\": 1, \"12\": 1, \"13\": 1, \"14\": 1, \"15\": 1, \"16\": 1, \"17\": 1, \"18\": 1, \"19\": 1, \"20\": 1, \"21\": 1, \"22\": 1, \"23\": 1, \"24\": 1}", "sequence_number": 24}
{"client_name": "rainstorm_op2_0", "action": "append", "filename": "op2_0_ack", "content": "{\"1\": 1, \"2\": 1, \"3\": 1, \"4\": 1, \"5\": 1, \"6\": 1, \"7\": 1, \"8\": 1, \"9\": 1, \"10\": 1, \"11\": 1, \"12\": 1, \"13\": 1, \"14\": 1, \"15\": 1, \"16\": 1, \"17\": 1, \"18\": 1, \"19\": 1, \"20\": 1, \"21\": 1, \"22\": 1, \"23\": 1, \"24\": 1, \"25\": 1}", "sequence_number": 25}
{"client_name": "rainstorm_op2_0", "action": "append", "filename": "op2_0_ack", "content": "{\"1\": 1, \"2\": 1, \"3\": 1, \"4\": 1, \"5\": 1, \"6\": 1, \"7\": 1, \"8\": 1, \"9\": 1, \"10\": 1, \"11\": 1, \"12\": 1, \"13\": 1, \"14\": 1, \"15\": 1, \"16\": 1, \"17\": 1, \"18\": 1, \"19\": 1, \"20\": 1, \"21\": 1, \"22\": 1, \"23\": 1, \"24\": 1, \"25\": 1, \"26\": 1}", "sequence_number": 26}
{"client_name": "rainstorm_op2_0", "action": "append", "filename": "op2_0_ack", "content": "{\"1\": 1, \"2\": 1, \"3\": 1, \"4\": 1, \"5\": 1, \"6\": 1, \"7\": 1, \"8\": 1, \"9\": 1, \"10\": 1, \"11\": 1, \"12\": 1, \"13\": 1, \"14\": 1, \"15\": 1, \"16\": 1, \"17\": 1, \"18\": 1, \"19\": 1, \"20\": 1, \"21\": 1, \"22\": 1, \"23\": 1, \"24\": 1, \"25\": 1, \"26\": 1, \"27\": 1}", "sequence_number": 27}
{"client_name": "rainstorm_op2_0", "action": "append", "filename": "op2_0_ack", "content": "{\"1\": 1, \"2\": 1, \"3\": 1, \"4\": 1, \"5\": 1, \"6\": 1, \"7\": 1, \"8\": 1, \"9\": 1, \"10\": 1, \"11\": 1, \"12\": 1, \"13\": 1, \"14\": 1, \"15\": 1, \"16\": 1, \"17\": 1, \"18\": 1, \"19\": 1, \"20\": 1, \"21\": 1, \"22\": 1, \"23\": 1, \"24\": 1, \"25\": 1, \"26\": 1, \"27\": 1, \"28\": 1}", "sequence_number": 28}
{"client_name": "rainstorm_op2_0", "action": "append", "filename": "op2_0_ack", "content": "{\"1\": 1, \"2\": 1, \"3\": 1, \"4\": 1, \"5\": 1, \"6\": 1, \"7\": 1, \"8\": 1, \"9\": 1, \"10\": 1, \"11\": 1, \"12\": 1, \"13\": 1, \"14\": 1, \"15\": 1, \"16\": 1, \"17\": 1, \"18\": 1, \"19\": 1, \"20\": 1, \"21\": 1, \"22\": 1, \"23\": 1, \"24\": 1, \"25\": 1, \"26\": 1, \"27\": 1, \"28\": 1, \"29\": 1}", "sequence_number": 29}
{"client_name": "rainstorm_op2_0", "action": "append", "filename": "op2_0_ack", "content": "{\"1\": 1, \"2\": 1, \"3\": 1, \"4\": 1, \"5\": 1, \"6\": 1, \"7\": 1, \"8\": 1, \"9\": 1, \"10\": 1, \"11\": 1, \"12\": 1, \"13\": 1, \"14\": 1, \"15\": 1, \"16\": 1, \"17\": 1, \"18\": 1, \"19\": 1, \"20\": 1, \"21\": 1, \"22\": 1, \"23\": 1, \"24\": 1, \"25\": 1, \"26\": 1, \"27\": 1, \"28\": 1, \"29\": 1, \"30\": 1}", "sequence_number": 30}
