{"client_name": "rainstorm_op2_0", "action": "append", "filename": "output_1_business_19.txt", "content": "{\"id\": 1, \"Analysts\": 1}", "sequence_number": 1}
{"client_name": "rainstorm_op2_0", "action": "append", "filename": "output_1_business_19.txt", "content": "{\"id\": 2, \"said\": 1}", "sequence_number": 2}
{"client_name": "rainstorm_op2_0", "action": "append", "filename": "output_1_business_19.txt", "content": "{\"id\": 3, \"that\": 1}", "sequence_number": 3}
{"client_name": "rainstorm_op2_0", "action": "append", "filename": "output_1_business_19.txt", "content": "{\"id\": 4, \"the\": 1}", "sequence_number": 4}
{"client_name": "rainstorm_op2_0", "action": "append", "filename": "output_1_business_19.txt", "content": "{\"id\": 5, \"move\": 1}", "sequence_number": 5}
{"client_name": "rainstorm_op2_0", "action": "append", "filename": "output_1_business_19.txt", "content": "{\"id\": 6, \"is\": 1}", "sequence_number": 6}
{"client_name": "rainstorm_op2_0", "action": "append", "filename": "output_1_business_19.txt", "content": "{\"id\": 7, \"aimed\": 1}", "sequence_number": 7}
{"client_name": "rainstorm_op2_0", "action": "append", "filename": "output_1_business_19.txt", "content": "{\"id\": 8, \"at\": 1}", "sequence_number": 8}
{"client_name": "rainstorm_op2_0", "action": "append", "filename": "output_1_business_19.txt", "content": "{\"id\": 9, \"winning\": 1}", "sequence_number": 9}
{"client_name": "rainstorm_op2_0", "action": "append", "filename": "output_1_business_19.txt", "content": "{\"id\": 10, \"over\": 1}", "sequence_number": 10}
{"client_name": "rainstorm_op2_0", "action": "append", "filename": "output_1_business_19.txt", "content": "{\"id\": 11, \"investors\": 1}", "sequence_number": 11}
{"client_name": "rainstorm_op2_0", "action": "append", "filename": "output_1_business_19.txt", "content": "{\"id\": 12, \"opposed\": 1}", "sequence_number": 12}
{"client_name": "rainstorm_op2_0", "action": "append", "filename": "output_1_business_19.txt", "content": "{\"id\": 13, \"to\": 1}", "sequence_number": 13}
{"client_name": "rainstorm_op2_0", "action": "append", "filename": "output_1_business_19.txt", "content": "{\"id\": 14, \"its\": 1}", "sequence_number": 14}
{"client_name": "rainstorm_op2_0", "action": "append", "filename": "output_1_business_19.txt", "content": "{\"id\": 15, \"bid\": 1}", "sequence_number": 15}
{"client_name": "rainstorm_op2_0", "action": "append", "filename": "output_1_business_19.txt", "content": "{\"id\": 16, \"for\": 1}", "sequence_number": 16}
{"client_name": "rainstorm_op2_0", "action": "append", "filename": "output_1_business_19.txt", "content": "{\"id\": 17, \"the\": 2}", "sequence_number": 17}
{"client_name": "rainstorm_op2_0", "action": "append", "filename": "output_1_business_19.txt", "content": "{\"id\": 18, \"London\": 1}", "sequence_number": 18}
{"client_name": "rainstorm_op2_0", "action": "append", "filename": "output_1_business_19.txt", "content": "{\"id\": 19, \"Stock\": 1}", "sequence_number": 19}
{"client_name": "rainstorm_op2_0", "action": "append", "filename": "output_1_business_19.txt", "content": "{\"id\": 20, \"Exchange.\": 1}", "sequence_number": 20}
{"client_name": "rainstorm_op2_0", "action": "append", "filename": "output_1_business_19.txt", "content": "{\"id\": 21, \"Critics\": 1}", "sequence_number": 21}
{"client_name": "rainstorm_op2_0", "action": "append", "filename": "output_1_business_19.txt", "content": "{\"id\": 22, \"of\": 1}", "sequence_number": 22}
{"client_name": "rainstorm_op2_0", "action": "append", "filename": "output_1_business_19.txt", "content": "{\"id\": 23, \"the\": 3}", "sequence_number": 23}
{"client_name": "rainstorm_op2_0", "action": "append", "filename": "output_1_business_19.txt", "content": "{\"id\": 24, \"takeover\": 1}", "sequence_number": 24}
{"client_name": "rainstorm_op2_0", "action": "append", "filename": "output_1_business_19.txt", "content": "{\"id\": 25, \"have\": 1}", "sequence_number": 25}
{"client_name": "rainstorm_op2_0", "action": "append", "filename": "output_1_business_19.txt", "content": "{\"id\": 26, \"complained\": 1}", "sequence_number": 26}
{"client_name": "rainstorm_op2_0", "action": "append", "filename": "output_1_business_19.txt", "content": "{\"id\": 27, \"that\": 2}", "sequence_number": 27}
{"client_name": "rainstorm_op2_0", "action": "append", "filename": "output_1_business_19.txt", "content": "{\"id\": 28, \"the\": 4}", "sequence_number": 28}
{"client_name": "rainstorm_op2_0", "action": "append", "filename": "output_1_business_19.txt", "content": "{\"id\": 29, \"money\": 1}", "sequence_number": 29}
{"client_name": "rainstorm_op2_0", "action": "append", "filename": "output_1_business_19.txt", "content": "{\"id\": 30, \"could\": 1}", "sequence_number": 30}
{"client_name": "rainstorm_op2_0", "action": "append", "filename": "output_1_business_19.txt", "content": "{\"id\": 31, \"be\": 1}", "sequence_number": 31}
{"client_name": "rainstorm_op2_0", "action": "append", "filename": "output_1_business_19.txt", "content": "{\"id\": 32, \"better\": 1}", "sequence_number": 32}
{"client_name": "rainstorm_op2_0", "action": "append", "filename": "output_1_business_19.txt", "content": "{\"id\": 33, \"used\": 1}", "sequence_number": 33}
{"client_name": "rainstorm_op2_0", "action": "append", "filename": "output_1_business_19.txt", "content": "{\"id\": 34, \"by\": 1}", "sequence_number": 34}
{"client_name": "rainstorm_op2_0", "action": "append", "filename": "output_1_business_19.txt", "content": "{\"id\": 35, \"returning\": 1}", "sequence_number": 35}
