{"client_name": "rainstorm_source_0", "action": "append", "filename": "source_0_ack", "content": "{\"1\": 1}", "sequence_number": 1}
{"client_name": "rainstorm_source_0", "action": "append", "filename": "source_0_ack", "content": "{\"1\": 1}", "sequence_number": 2}
{"client_name": "rainstorm_source_0", "action": "append", "filename": "source_0_ack", "content": "{\"1\": 1}", "sequence_number": 3}
{"client_name": "rainstorm_source_0", "action": "append", "filename": "source_0_ack", "content": "{\"1\": 1, \"2\": 1}", "sequence_number": 4}
{"client_name": "rainstorm_source_0", "action": "append", "filename": "source_0_ack", "content": "{\"1\": 1, \"2\": 1}", "sequence_number": 5}
{"client_name": "rainstorm_source_0", "action": "append", "filename": "source_0_ack", "content": "{\"1\": 1, \"2\": 1}", "sequence_number": 6}
{"client_name": "rainstorm_source_0", "action": "append", "filename": "source_0_ack", "content": "{\"1\": 1, \"2\": 1, \"3\": 1}", "sequence_number": 7}
{"client_name": "rainstorm_source_0", "action": "append", "filename": "source_0_ack", "content": "{\"1\": 1, \"2\": 1, \"3\": 1}", "sequence_number": 8}
{"client_name": "rainstorm_source_0", "action": "append", "filename": "source_0_ack", "content": "{\"1\": 1, \"2\": 1, \"3\": 1}", "sequence_number": 9}
{"client_name": "rainstorm_source_0", "action": "append", "filename": "source_0_ack", "content": "{\"1\": 1, \"2\": 1, \"3\": 1, \"4\": 1}", "sequence_number": 10}
{"client_name": "rainstorm_source_0", "action": "append", "filename": "source_0_ack", "content": "{\"1\": 1, \"2\": 1, \"3\": 1, \"4\": 1}", "sequence_number": 11}
{"client_name": "rainstorm_source_0", "action": "append", "filename": "source_0_ack", "content": "{\"1\": 1, \"2\": 1, \"3\": 1, \"4\": 1}", "sequence_number": 12}
{"client_name": "rainstorm_source_0", "action": "append", "filename": "source_0_ack", "content": "{\"1\": 1, \"2\": 1, \"3\": 1, \"4\": 1, \"5\": 1}", "sequence_number": 13}
{"client_name": "rainstorm_source_0", "action": "append", "filename": "source_0_ack", "content": "{\"1\": 1, \"2\": 1, \"3\": 1, \"4\": 1, \"5\": 1}", "sequence_number": 14}
{"client_name": "rainstorm_source_0", "action": "append", "filename": "source_0_ack", "content": "{\"1\": 1, \"2\": 1, \"3\": 1, \"4\": 1, \"5\": 1}", "sequence_number": 15}
{"client_name": "rainstorm_source_0", "action": "append", "filename": "source_0_ack", "content": "{\"1\": 1, \"2\": 1, \"3\": 1, \"4\": 1, \"5\": 1, \"6\": 1}", "sequence_number": 16}
{"client_name": "rainstorm_source_0", "action": "append", "filename": "source_0_ack", "content": "{\"1\": 1, \"2\": 1, \"3\": 1, \"4\": 1, \"5\": 1, \"6\": 1}", "sequence_number": 17}
{"client_name": "rainstorm_source_0", "action": "append", "filename": "source_0_ack", "content": "{\"1\": 1, \"2\": 1, \"3\": 1, \"4\": 1, \"5\": 1, \"6\": 1}", "sequence_number": 18}
{"client_name": "rainstorm_source_0", "action": "append", "filename": "source_0_ack", "content": "{\"1\": 1, \"2\": 1, \"3\": 1, \"4\": 1, \"5\": 1, \"6\": 1, \"7\": 1}", "sequence_number": 19}
{"client_name": "rainstorm_source_0", "action": "append", "filename": "source_0_ack", "content": "{\"1\": 1, \"2\": 1, \"3\": 1, \"4\": 1, \"5\": 1, \"6\": 1, \"7\": 1}", "sequence_number": 20}
{"client_name": "rainstorm_source_0", "action": "append", "filename": "source_0_ack", "content": "{\"1\": 1, \"2\": 1, \"3\": 1, \"4\": 1, \"5\": 1, \"6\": 1, \"7\": 1}", "sequence_number": 21}
{"client_name": "rainstorm_source_0", "action": "append", "filename": "source_0_ack", "content": "{\"1\": 1}", "sequence_number": 22}
{"client_name": "rainstorm_source_0", "action": "append", "filename": "source_0_ack", "content": "{\"1\": 1}", "sequence_number": 23}
{"client_name": "rainstorm_source_0", "action": "append", "filename": "source_0_ack", "content": "{\"1\": 1}", "sequence_number": 24}
{"client_name": "rainstorm_source_0", "action": "append", "filename": "source_0_ack", "content": "{\"1\": 1, \"2\": 1}", "sequence_number": 25}
{"client_name": "rainstorm_source_0", "action": "append", "filename": "source_0_ack", "content": "{\"1\": 1, \"2\": 1}", "sequence_number": 26}
{"client_name": "rainstorm_source_0", "action": "append", "filename": "source_0_ack", "content": "{\"1\": 1, \"2\": 1}", "sequence_number": 27}
{"client_name": "rainstorm_source_0", "action": "append", "filename": "source_0_ack", "content": "{\"1\": 1, \"2\": 1, \"3\": 1}", "sequence_number": 28}
{"client_name": "rainstorm_source_0", "action": "append", "filename": "source_0_ack", "content": "{\"1\": 1, \"2\": 1, \"3\": 1}", "sequence_number": 29}
{"client_name": "rainstorm_source_0", "action": "append", "filename": "source_0_ack", "content": "{\"1\": 1, \"2\": 1, \"3\": 1}", "sequence_number": 30}
{"client_name": "rainstorm_source_0", "action": "append", "filename": "source_0_ack", "content": "{\"1\": 1, \"2\": 1, \"3\": 1, \"4\": 1}", "sequence_number": 31}
{"client_name": "rainstorm_source_0", "action": "append", "filename": "source_0_ack", "content": "{\"1\": 1, \"2\": 1, \"3\": 1, \"4\": 1}", "sequence_number": 32}
{"client_name": "rainstorm_source_0", "action": "append", "filename": "source_0_ack", "content": "{\"1\": 1, \"2\": 1, \"3\": 1, \"4\": 1}", "sequence_number": 33}
{"client_name": "rainstorm_source_0", "action": "append", "filename": "source_0_ack", "content": "{\"1\": 1, \"2\": 1, \"3\": 1, \"4\": 1, \"5\": 1}", "sequence_number": 34}
{"client_name": "rainstorm_source_0", "action": "append", "filename": "source_0_ack", "content": "{\"1\": 1, \"2\": 1, \"3\": 1, \"4\": 1, \"5\": 1}", "sequence_number": 35}
{"client_name": "rainstorm_source_0", "action": "append", "filename": "source_0_ack", "content": "{\"1\": 1, \"2\": 1, \"3\": 1, \"4\": 1, \"5\": 1}", "sequence_number": 36}
{"client_name": "rainstorm_source_0", "action": "append", "filename": "source_0_ack", "content": "{\"1\": 1, \"2\": 1, \"3\": 1, \"4\": 1, \"5\": 1, \"6\": 1}", "sequence_number": 37}
{"client_name": "rainstorm_source_0", "action": "append", "filename": "source_0_ack", "content": "{\"1\": 1, \"2\": 1, \"3\": 1, \"4\": 1, \"5\": 1, \"6\": 1}", "sequence_number": 38}
{"client_name": "rainstorm_source_0", "action": "append", "filename": "source_0_ack", "content": "{\"1\": 1, \"2\": 1, \"3\": 1, \"4\": 1, \"5\": 1, \"6\": 1}", "sequence_number": 39}
{"client_name": "rainstorm_source_0", "action": "append", "filename": "source_0_ack", "content": "{\"1\": 1, \"2\": 1, \"3\": 1, \"4\": 1, \"5\": 1, \"6\": 1, \"7\": 1}", "sequence_number": 40}
{"client_name": "rainstorm_source_0", "action": "append", "filename": "source_0_ack", "content": "{\"1\": 1, \"2\": 1, \"3\": 1, \"4\": 1, \"5\": 1, \"6\": 1, \"7\": 1}", "sequence_number": 41}
{"client_name": "rainstorm_source_0", "action": "append", "filename": "source_0_ack", "content": "{\"1\": 1, \"2\": 1, \"3\": 1, \"4\": 1, \"5\": 1, \"6\": 1, \"7\": 1}", "sequence_number": 42}
{"client_name": "rainstorm_source_0", "action": "append", "filename": "source_0_ack", "content": "{\"1\": 1, \"2\": 1, \"3\": 1, \"4\": 1, \"5\": 1, \"6\": 1, \"7\": 1, \"8\": 1}", "sequence_number": 43}
{"client_name": "rainstorm_source_0", "action": "append", "filename": "source_0_ack", "content": "{\"1\": 1, \"2\": 1, \"3\": 1, \"4\": 1, \"5\": 1, \"6\": 1, \"7\": 1, \"8\": 1}", "sequence_number": 44}
{"client_name": "rainstorm_source_0", "action": "append", "filename": "source_0_ack", "content": "{\"1\": 1, \"2\": 1, \"3\": 1, \"4\": 1, \"5\": 1, \"6\": 1, \"7\": 1, \"8\": 1}", "sequence_number": 45}
{"client_name": "rainstorm_source_0", "action": "append", "filename": "source_0_ack", "content": "{\"1\": 1, \"2\": 1, \"3\": 1, \"4\": 1, \"5\": 1, \"6\": 1, \"7\": 1, \"8\": 1, \"9\": 1}", "sequence_number": 46}
{"client_name": "rainstorm_source_0", "action": "append", "filename": "source_0_ack", "content": "{\"1\": 1, \"2\": 1, \"3\": 1, \"4\": 1, \"5\": 1, \"6\": 1, \"7\": 1, \"8\": 1, \"9\": 1}", "sequence_number": 47}
{"client_name": "rainstorm_source_0", "action": "append", "filename": "source_0_ack", "content": "{\"1\": 1, \"2\": 1, \"3\": 1, \"4\": 1, \"5\": 1, \"6\": 1, \"7\": 1, \"8\": 1, \"9\": 1}", "sequence_number": 48}
{"client_name": "rainstorm_source_0", "action": "append", "filename": "source_0_ack", "content": "{\"1\": 1, \"2\": 1, \"3\": 1, \"4\": 1, \"5\": 1, \"6\": 1, \"7\": 1, \"8\": 1, \"9\": 1, \"10\": 1}", "sequence_number": 49}
{"client_name": "rainstorm_source_0", "action": "append", "filename": "source_0_ack", "content": "{\"1\": 1, \"2\": 1, \"3\": 1, \"4\": 1, \"5\": 1, \"6\": 1, \"7\": 1, \"8\": 1, \"9\": 1, \"10\": 1}", "sequence_number": 50}
{"client_name": "rainstorm_source_0", "action": "append", "filename": "source_0_ack", "content": "{\"1\": 1, \"2\": 1, \"3\": 1, \"4\": 1, \"5\": 1, \"6\": 1, \"7\": 1, \"8\": 1, \"9\": 1, \"10\": 1}", "sequence_number": 51}
{"client_name": "rainstorm_source_0", "action": "append", "filename": "source_0_ack", "content": "{\"1\": 1, \"2\": 1, \"3\": 1, \"4\": 1, \"5\": 1, \"6\": 1, \"7\": 1, \"8\": 1, \"9\": 1, \"10\": 1, \"11\": 1}", "sequence_number": 52}
{"client_name": "rainstorm_source_0", "action": "append", "filename": "source_0_ack", "content": "{\"1\": 1, \"2\": 1, \"3\": 1, \"4\": 1, \"5\": 1, \"6\": 1, \"7\": 1, \"8\": 1, \"9\": 1, \"10\": 1, \"11\": 1}", "sequence_number": 53}
{"client_name": "rainstorm_source_0", "action": "append", "filename": "source_0_ack", "content": "{\"1\": 1, \"2\": 1, \"3\": 1, \"4\": 1, \"5\": 1, \"6\": 1, \"7\": 1, \"8\": 1, \"9\": 1, \"10\": 1, \"11\": 1}", "sequence_number": 54}
{"client_name": "rainstorm_source_0", "action": "append", "filename": "source_0_ack", "content": "{\"1\": 1, \"2\": 1, \"3\": 1, \"4\": 1, \"5\": 1, \"6\": 1, \"7\": 1, \"8\": 1, \"9\": 1, \"10\": 1, \"11\": 1, \"12\": 1}", "sequence_number": 55}
{"client_name": "rainstorm_source_0", "action": "append", "filename": "source_0_ack", "content": "{\"1\": 1, \"2\": 1, \"3\": 1, \"4\": 1, \"5\": 1, \"6\": 1, \"7\": 1, \"8\": 1, \"9\": 1, \"10\": 1, \"11\": 1, \"12\": 1}", "sequence_number": 56}
{"client_name": "rainstorm_source_0", "action": "append", "filename": "source_0_ack", "content": "{\"1\": 1, \"2\": 1, \"3\": 1, \"4\": 1, \"5\": 1, \"6\": 1, \"7\": 1, \"8\": 1, \"9\": 1, \"10\": 1, \"11\": 1, \"12\": 1}", "sequence_number": 57}
{"client_name": "rainstorm_source_0", "action": "append", "filename": "source_0_ack", "content": "{\"1\": 1, \"2\": 1, \"3\": 1, \"4\": 1, \"5\": 1, \"6\": 1, \"7\": 1, \"8\": 1, \"9\": 1, \"10\": 1, \"11\": 1, \"12\": 1, \"13\": 1}", "sequence_number": 58}
{"client_name": "rainstorm_source_0", "action": "append", "filename": "source_0_ack", "content": "{\"1\": 1, \"2\": 1, \"3\": 1, \"4\": 1, \"5\": 1, \"6\": 1, \"7\": 1, \"8\": 1, \"9\": 1, \"10\": 1, \"11\": 1, \"12\": 1, \"13\": 1}", "sequence_number": 59}
{"client_name": "rainstorm_source_0", "action": "append", "filename": "source_0_ack", "content": "{\"1\": 1, \"2\": 1, \"3\": 1, \"4\": 1, \"5\": 1, \"6\": 1, \"7\": 1, \"8\": 1, \"9\": 1, \"10\": 1, \"11\": 1, \"12\": 1, \"13\": 1}", "sequence_number": 60}
{"client_name": "rainstorm_source_0", "action": "append", "filename": "source_0_ack", "content": "{\"1\": 1, \"2\": 1, \"3\": 1, \"4\": 1, \"5\": 1, \"6\": 1, \"7\": 1, \"8\": 1, \"9\": 1, \"10\": 1, \"11\": 1, \"12\": 1, \"13\": 1, \"14\": 1}", "sequence_number": 61}
{"client_name": "rainstorm_source_0", "action": "append", "filename": "source_0_ack", "content": "{\"1\": 1, \"2\": 1, \"3\": 1, \"4\": 1, \"5\": 1, \"6\": 1, \"7\": 1, \"8\": 1, \"9\": 1, \"10\": 1, \"11\": 1, \"12\": 1, \"13\": 1, \"14\": 1}", "sequence_number": 62}
{"client_name": "rainstorm_source_0", "action": "append", "filename": "source_0_ack", "content": "{\"1\": 1, \"2\": 1, \"3\": 1, \"4\": 1, \"5\": 1, \"6\": 1, \"7\": 1, \"8\": 1, \"9\": 1, \"10\": 1, \"11\": 1, \"12\": 1, \"13\": 1, \"14\": 1}", "sequence_number": 63}
